c:\users\windows 10\desktop\mobilni\mobilni\debug\main.obj
c:\users\windows 10\desktop\mobilni\mobilni\debug\vc100.pdb
c:\users\windows 10\desktop\mobilni\debug\mobilni.ilk
c:\users\windows 10\desktop\mobilni\debug\mobilni.exe
c:\users\windows 10\desktop\mobilni\mobilni\debug\mobilni.exe.intermediate.manifest
c:\users\windows 10\desktop\mobilni\debug\mobilni.pdb
c:\users\windows 10\desktop\mobilni\mobilni\debug\mobilni.exe.embed.manifest
c:\users\windows 10\desktop\mobilni\mobilni\debug\mobilni.exe.embed.manifest.res
c:\users\aleksandar\desktop\github\mobile_shop\mobilni\debug\vc142.pdb
c:\users\aleksandar\desktop\github\mobile_shop\mobilni\debug\vc142.idb
c:\users\aleksandar\desktop\github\mobile_shop\mobilni\debug\main.obj
c:\users\aleksandar\desktop\github\mobile_shop\mobilni\debug\mobilni.vcxprojresolveassemblyreference.cache
c:\users\aleksandar\desktop\github\mobile_shop\mobilni\debug\cl.command.1.tlog
c:\users\aleksandar\desktop\github\mobile_shop\mobilni\debug\cl.read.1.tlog
c:\users\aleksandar\desktop\github\mobile_shop\mobilni\debug\cl.write.1.tlog
c:\users\aleksandar\desktop\github\mobile_shop\mobilni\debug\link-cvtres.read.1.tlog
c:\users\aleksandar\desktop\github\mobile_shop\mobilni\debug\link-cvtres.write.1.tlog
c:\users\aleksandar\desktop\github\mobile_shop\mobilni\debug\link.12036-cvtres.read.1.tlog
c:\users\aleksandar\desktop\github\mobile_shop\mobilni\debug\link.12036-cvtres.write.1.tlog
c:\users\aleksandar\desktop\github\mobile_shop\mobilni\debug\link.12036.read.1.tlog
c:\users\aleksandar\desktop\github\mobile_shop\mobilni\debug\link.12036.write.1.tlog
c:\users\aleksandar\desktop\github\mobile_shop\mobilni\debug\link.8516-cvtres.read.1.tlog
c:\users\aleksandar\desktop\github\mobile_shop\mobilni\debug\link.8516-cvtres.write.1.tlog
c:\users\aleksandar\desktop\github\mobile_shop\mobilni\debug\link.8516.read.1.tlog
c:\users\aleksandar\desktop\github\mobile_shop\mobilni\debug\link.8516.write.1.tlog
c:\users\aleksandar\desktop\github\mobile_shop\mobilni\debug\link.command.1.tlog
c:\users\aleksandar\desktop\github\mobile_shop\mobilni\debug\link.read.1.tlog
c:\users\aleksandar\desktop\github\mobile_shop\mobilni\debug\link.write.1.tlog
c:\users\aleksandar\desktop\github\mobile_shop\mobilni\debug\mobilni.write.1.tlog
c:\users\aleksandar\desktop\github\mobile_shop\mobilni\debug\mt.command.1.tlog
c:\users\aleksandar\desktop\github\mobile_shop\mobilni\debug\mt.read.1.tlog
c:\users\aleksandar\desktop\github\mobile_shop\mobilni\debug\mt.write.1.tlog
c:\users\aleksandar\desktop\github\mobile_shop\mobilni\debug\rc.command.1.tlog
c:\users\aleksandar\desktop\github\mobile_shop\mobilni\debug\rc.read.1.tlog
c:\users\aleksandar\desktop\github\mobile_shop\mobilni\debug\rc.write.1.tlog
c:\users\aleksandar\desktop\github\mobile_shop\mobilni\debug\mobilni.exe.embed.manifest
c:\users\aleksandar\desktop\github\mobile_shop\mobilni\debug\mobilni.exe.intermediate.manifest
c:\users\aleksandar\desktop\github\mobile_shop\mobilni\debug\mobilni.exe.embed.manifest.res
c:\users\aleksandar\desktop\github\mobile_shop\mobilni\debug\vc100.idb
c:\users\aleksandar\desktop\github\mobile_shop\mobilni\debug\vc100.pdb
c:\users\aleksandar\desktop\github\mobile_shop\mobilni\debug\mobilni_manifest.rc
c:\users\aleksandar\desktop\github\mobile_shop\debug\mobilni.pdb
c:\users\aleksandar\desktop\github\mobile_shop\debug\mobilni.ilk
c:\users\aleksandar\desktop\github\mobile_shop\mobilni\debug\mobilni.tlog\cl.command.1.tlog
c:\users\aleksandar\desktop\github\mobile_shop\mobilni\debug\mobilni.tlog\cl.read.1.tlog
c:\users\aleksandar\desktop\github\mobile_shop\mobilni\debug\mobilni.tlog\cl.write.1.tlog
c:\users\aleksandar\desktop\github\mobile_shop\mobilni\debug\mobilni.tlog\link-cvtres.read.1.tlog
c:\users\aleksandar\desktop\github\mobile_shop\mobilni\debug\mobilni.tlog\link-cvtres.write.1.tlog
c:\users\aleksandar\desktop\github\mobile_shop\mobilni\debug\mobilni.tlog\link-rc.read.1.tlog
c:\users\aleksandar\desktop\github\mobile_shop\mobilni\debug\mobilni.tlog\link-rc.write.1.tlog
c:\users\aleksandar\desktop\github\mobile_shop\mobilni\debug\mobilni.tlog\link.command.1.tlog
c:\users\aleksandar\desktop\github\mobile_shop\mobilni\debug\mobilni.tlog\link.read.1.tlog
c:\users\aleksandar\desktop\github\mobile_shop\mobilni\debug\mobilni.tlog\link.write.1.tlog
